# JRE version: Java(TM) SE Runtime Environment (8.0_131-b11) (build 1.8.0_131-b11)
# Java VM: Java HotSpot(TM) 64-Bit Server VM (25.131-b11 mixed mode bsd-amd64 compressed oops)
Heap:
 PSYoungGen      total 278528K, used 17631K [0x0000000795580000, 0x00000007a8380000, 0x00000007c0000000)
  eden space 269312K, 3% used [0x0000000795580000,0x0000000795dbce38,0x00000007a5c80000)
  from space 9216K, 99% used [0x00000007a7080000,0x00000007a797af88,0x00000007a7980000)
  to   space 19968K, 0% used [0x00000007a5c80000,0x00000007a5c80000,0x00000007a7000000)
 ParOldGen       total 121856K, used 41899K [0x0000000740000000, 0x0000000747700000, 0x0000000795580000)
  object space 121856K, 34% used [0x0000000740000000,0x00000007428eaca8,0x0000000747700000)
 Metaspace       used 38246K, capacity 39808K, committed 39896K, reserved 1083392K
  class space    used 4803K, capacity 5072K, committed 5120K, reserved 1048576K
GC Heap History (10 events):
Event: 4.490 GC heap before
{Heap before GC invocations=12 (full 1):
 PSYoungGen      total 166912K, used 161440K [0x0000000795580000, 0x00000007a0280000, 0x00000007c0000000)
  eden space 160768K, 100% used [0x0000000795580000,0x000000079f280000,0x000000079f280000)
  from space 6144K, 10% used [0x000000079fc80000,0x000000079fd28060,0x00000007a0280000)
  to   space 8192K, 0% used [0x000000079f280000,0x000000079f280000,0x000000079fa80000)
 ParOldGen       total 84992K, used 9679K [0x0000000740000000, 0x0000000745300000, 0x0000000795580000)
  object space 84992K, 11% used [0x0000000740000000,0x0000000740973ed8,0x0000000745300000)
 Metaspace       used 26037K, capacity 26506K, committed 26752K, reserved 1073152K
  class space    used 3046K, capacity 3195K, committed 3200K, reserved 1048576K
Event: 4.492 GC heap after
Heap after GC invocations=12 (full 1):
 PSYoungGen      total 168960K, used 624K [0x0000000795580000, 0x00000007a3a00000, 0x00000007c0000000)
  eden space 160768K, 0% used [0x0000000795580000,0x0000000795580000,0x000000079f280000)
  from space 8192K, 7% used [0x000000079f280000,0x000000079f31c040,0x000000079fa80000)
  to   space 8192K, 0% used [0x00000007a3200000,0x00000007a3200000,0x00000007a3a00000)
 ParOldGen       total 84992K, used 9935K [0x0000000740000000, 0x0000000745300000, 0x0000000795580000)
  object space 84992K, 11% used [0x0000000740000000,0x00000007409b3ed8,0x0000000745300000)
 Metaspace       used 26037K, capacity 26506K, committed 26752K, reserved 1073152K
  class space    used 3046K, capacity 3195K, committed 3200K, reserved 1048576K
}
Event: 4.593 GC heap before
{Heap before GC invocations=13 (full 1):
 PSYoungGen      total 168960K, used 161392K [0x0000000795580000, 0x00000007a3a00000, 0x00000007c0000000)
  eden space 160768K, 100% used [0x0000000795580000,0x000000079f280000,0x000000079f280000)
  from space 8192K, 7% used [0x000000079f280000,0x000000079f31c040,0x000000079fa80000)
  to   space 8192K, 0% used [0x00000007a3200000,0x00000007a3200000,0x00000007a3a00000)
 ParOldGen       total 84992K, used 9935K [0x0000000740000000, 0x0000000745300000, 0x0000000795580000)
  object space 84992K, 11% used [0x0000000740000000,0x00000007409b3ed8,0x0000000745300000)
 Metaspace       used 26072K, capacity 26570K, committed 26752K, reserved 1073152K
  class space    used 3046K, capacity 3195K, committed 3200K, reserved 1048576K
Event: 4.595 GC heap after
Heap after GC invocations=13 (full 1):
 PSYoungGen      total 219648K, used 352K [0x0000000795580000, 0x00000007a3700000, 0x00000007c0000000)
  eden space 214528K, 0% used [0x0000000795580000,0x0000000795580000,0x00000007a2700000)
  from space 5120K, 6% used [0x00000007a3200000,0x00000007a3258010,0x00000007a3700000)
  to   space 8192K, 0% used [0x00000007a2700000,0x00000007a2700000,0x00000007a2f00000)
 ParOldGen       total 84992K, used 10319K [0x0000000740000000, 0x0000000745300000, 0x0000000795580000)
  object space 84992K, 12% used [0x0000000740000000,0x0000000740a13ed8,0x0000000745300000)
 Metaspace       used 26072K, capacity 26570K, committed 26752K, reserved 1073152K
  class space    used 3046K, capacity 3195K, committed 3200K, reserved 1048576K
}
Event: 7.346 GC heap before
{Heap before GC invocations=14 (full 1):
 PSYoungGen      total 219648K, used 185799K [0x0000000795580000, 0x00000007a3700000, 0x00000007c0000000)
  eden space 214528K, 86% used [0x0000000795580000,0x00000007a0a99c38,0x00000007a2700000)
  from space 5120K, 6% used [0x00000007a3200000,0x00000007a3258010,0x00000007a3700000)
  to   space 8192K, 0% used [0x00000007a2700000,0x00000007a2700000,0x00000007a2f00000)
 ParOldGen       total 84992K, used 10319K [0x0000000740000000, 0x0000000745300000, 0x0000000795580000)
  object space 84992K, 12% used [0x0000000740000000,0x0000000740a13ed8,0x0000000745300000)
 Metaspace       used 34013K, capacity 35348K, committed 35416K, reserved 1079296K
  class space    used 4433K, capacity 4690K, committed 4736K, reserved 1048576K
Event: 7.372 GC heap after
Heap after GC invocations=14 (full 1):
 PSYoungGen      total 222720K, used 7090K [0x0000000795580000, 0x00000007a7980000, 0x00000007c0000000)
  eden space 214528K, 0% used [0x0000000795580000,0x0000000795580000,0x00000007a2700000)
  from space 8192K, 86% used [0x00000007a2700000,0x00000007a2decaa0,0x00000007a2f00000)
  to   space 9216K, 0% used [0x00000007a7080000,0x00000007a7080000,0x00000007a7980000)
 ParOldGen       total 84992K, used 14639K [0x0000000740000000, 0x0000000745300000, 0x0000000795580000)
  object space 84992K, 17% used [0x0000000740000000,0x0000000740e4bef8,0x0000000745300000)
 Metaspace       used 34013K, capacity 35348K, committed 35416K, reserved 1079296K
  class space    used 4433K, capacity 4690K, committed 4736K, reserved 1048576K
}
Event: 7.372 GC heap before
{Heap before GC invocations=15 (full 2):
 PSYoungGen      total 222720K, used 7090K [0x0000000795580000, 0x00000007a7980000, 0x00000007c0000000)
  eden space 214528K, 0% used [0x0000000795580000,0x0000000795580000,0x00000007a2700000)
  from space 8192K, 86% used [0x00000007a2700000,0x00000007a2decaa0,0x00000007a2f00000)
  to   space 9216K, 0% used [0x00000007a7080000,0x00000007a7080000,0x00000007a7980000)
 ParOldGen       total 84992K, used 14639K [0x0000000740000000, 0x0000000745300000, 0x0000000795580000)
  object space 84992K, 17% used [0x0000000740000000,0x0000000740e4bef8,0x0000000745300000)
 Metaspace       used 34013K, capacity 35348K, committed 35416K, reserved 1079296K
  class space    used 4433K, capacity 4690K, committed 4736K, reserved 1048576K
Event: 7.494 GC heap after
Heap after GC invocations=15 (full 2):
 PSYoungGen      total 222720K, used 0K [0x0000000795580000, 0x00000007a7980000, 0x00000007c0000000)
  eden space 214528K, 0% used [0x0000000795580000,0x0000000795580000,0x00000007a2700000)
  from space 8192K, 0% used [0x00000007a2700000,0x00000007a2700000,0x00000007a2f00000)
  to   space 9216K, 0% used [0x00000007a7080000,0x00000007a7080000,0x00000007a7980000)
 ParOldGen       total 121856K, used 17140K [0x0000000740000000, 0x0000000747700000, 0x0000000795580000)
  object space 121856K, 14% used [0x0000000740000000,0x00000007410bd2d0,0x0000000747700000)
 Metaspace       used 34013K, capacity 35348K, committed 35416K, reserved 1079296K
  class space    used 4433K, capacity 4690K, committed 4736K, reserved 1048576K
}
Event: 275.953 GC heap before
{Heap before GC invocations=16 (full 2):
 PSYoungGen      total 222720K, used 214528K [0x0000000795580000, 0x00000007a7980000, 0x00000007c0000000)
  eden space 214528K, 100% used [0x0000000795580000,0x00000007a2700000,0x00000007a2700000)
  from space 8192K, 0% used [0x00000007a2700000,0x00000007a2700000,0x00000007a2f00000)
  to   space 9216K, 0% used [0x00000007a7080000,0x00000007a7080000,0x00000007a7980000)
 ParOldGen       total 121856K, used 17140K [0x0000000740000000, 0x0000000747700000, 0x0000000795580000)
  object space 121856K, 14% used [0x0000000740000000,0x00000007410bd2d0,0x0000000747700000)
 Metaspace       used 38242K, capacity 39808K, committed 39896K, reserved 1083392K
  class space    used 4802K, capacity 5072K, committed 5120K, reserved 1048576K
Event: 276.013 GC heap after
Heap after GC invocations=16 (full 2):
 PSYoungGen      total 278528K, used 9195K [0x0000000795580000, 0x00000007a8380000, 0x00000007c0000000)
  eden space 269312K, 0% used [0x0000000795580000,0x0000000795580000,0x00000007a5c80000)
  from space 9216K, 99% used [0x00000007a7080000,0x00000007a797af88,0x00000007a7980000)
  to   space 19968K, 0% used [0x00000007a5c80000,0x00000007a5c80000,0x00000007a7000000)
 ParOldGen       total 121856K, used 41899K [0x0000000740000000, 0x0000000747700000, 0x0000000795580000)
  object space 121856K, 34% used [0x0000000740000000,0x00000007428eaca8,0x0000000747700000)
 Metaspace       used 38242K, capacity 39808K, committed 39896K, reserved 1083392K
  class space    used 4802K, capacity 5072K, committed 5120K, reserved 1048576K
}

