# JRE version: Java(TM) SE Runtime Environment (8.0_131-b11) (build 1.8.0_131-b11)
# Java VM: Java HotSpot(TM) 64-Bit Server VM (25.131-b11 mixed mode bsd-amd64 compressed oops)
Heap:
 PSYoungGen      total 38400K, used 28790K [0x0000000795580000, 0x0000000799800000, 0x00000007c0000000)
  eden space 33280K, 76% used [0x0000000795580000,0x0000000796e4d9a0,0x0000000797600000)
  from space 5120K, 66% used [0x0000000797600000,0x0000000797950000,0x0000000797b00000)
  to   space 5120K, 0% used [0x0000000799300000,0x0000000799300000,0x0000000799800000)
 ParOldGen       total 71680K, used 5474K [0x0000000740000000, 0x0000000744600000, 0x0000000795580000)
  object space 71680K, 7% used [0x0000000740000000,0x0000000740558a70,0x0000000744600000)
 Metaspace       used 31484K, capacity 33106K, committed 33328K, reserved 1077248K
  class space    used 4535K, capacity 4808K, committed 4912K, reserved 1048576K
GC Heap History (8 events):
Event: 2.462 GC heap before
{Heap before GC invocations=1 (full 0):
 PSYoungGen      total 38400K, used 33280K [0x0000000795580000, 0x0000000798000000, 0x00000007c0000000)
  eden space 33280K, 100% used [0x0000000795580000,0x0000000797600000,0x0000000797600000)
  from space 5120K, 0% used [0x0000000797b00000,0x0000000797b00000,0x0000000798000000)
  to   space 5120K, 0% used [0x0000000797600000,0x0000000797600000,0x0000000797b00000)
 ParOldGen       total 283136K, used 195312K [0x0000000740000000, 0x0000000751480000, 0x0000000795580000)
  object space 283136K, 68% used [0x0000000740000000,0x000000074bebc210,0x0000000751480000)
 Metaspace       used 20023K, capacity 20556K, committed 20736K, reserved 1067008K
  class space    used 2567K, capacity 2713K, committed 2816K, reserved 1048576K
Event: 2.472 GC heap after
Heap after GC invocations=1 (full 0):
 PSYoungGen      total 38400K, used 5110K [0x0000000795580000, 0x0000000798000000, 0x00000007c0000000)
  eden space 33280K, 0% used [0x0000000795580000,0x0000000795580000,0x0000000797600000)
  from space 5120K, 99% used [0x0000000797600000,0x0000000797afdbe8,0x0000000797b00000)
  to   space 5120K, 0% used [0x0000000797b00000,0x0000000797b00000,0x0000000798000000)
 ParOldGen       total 283136K, used 196684K [0x0000000740000000, 0x0000000751480000, 0x0000000795580000)
  object space 283136K, 69% used [0x0000000740000000,0x000000074c013278,0x0000000751480000)
 Metaspace       used 20023K, capacity 20556K, committed 20736K, reserved 1067008K
  class space    used 2567K, capacity 2713K, committed 2816K, reserved 1048576K
}
Event: 2.542 GC heap before
{Heap before GC invocations=2 (full 0):
 PSYoungGen      total 38400K, used 10108K [0x0000000795580000, 0x0000000798000000, 0x00000007c0000000)
  eden space 33280K, 15% used [0x0000000795580000,0x0000000795a616a0,0x0000000797600000)
  from space 5120K, 99% used [0x0000000797600000,0x0000000797afdbe8,0x0000000797b00000)
  to   space 5120K, 0% used [0x0000000797b00000,0x0000000797b00000,0x0000000798000000)
 ParOldGen       total 283136K, used 196684K [0x0000000740000000, 0x0000000751480000, 0x0000000795580000)
  object space 283136K, 69% used [0x0000000740000000,0x000000074c013278,0x0000000751480000)
 Metaspace       used 20690K, capacity 21188K, committed 21296K, reserved 1067008K
  class space    used 2651K, capacity 2817K, committed 2864K, reserved 1048576K
Event: 2.551 GC heap after
Heap after GC invocations=2 (full 0):
 PSYoungGen      total 38400K, used 5114K [0x0000000795580000, 0x000000079a080000, 0x00000007c0000000)
  eden space 33280K, 0% used [0x0000000795580000,0x0000000795580000,0x0000000797600000)
  from space 5120K, 99% used [0x0000000797b00000,0x0000000797ffe8f0,0x0000000798000000)
  to   space 5120K, 0% used [0x0000000797600000,0x0000000797600000,0x0000000797b00000)
 ParOldGen       total 283136K, used 197036K [0x0000000740000000, 0x0000000751480000, 0x0000000795580000)
  object space 283136K, 69% used [0x0000000740000000,0x000000074c06b288,0x0000000751480000)
 Metaspace       used 20690K, capacity 21188K, committed 21296K, reserved 1067008K
  class space    used 2651K, capacity 2817K, committed 2864K, reserved 1048576K
}
Event: 2.551 GC heap before
{Heap before GC invocations=3 (full 1):
 PSYoungGen      total 38400K, used 5114K [0x0000000795580000, 0x000000079a080000, 0x00000007c0000000)
  eden space 33280K, 0% used [0x0000000795580000,0x0000000795580000,0x0000000797600000)
  from space 5120K, 99% used [0x0000000797b00000,0x0000000797ffe8f0,0x0000000798000000)
  to   space 5120K, 0% used [0x0000000797600000,0x0000000797600000,0x0000000797b00000)
 ParOldGen       total 283136K, used 197036K [0x0000000740000000, 0x0000000751480000, 0x0000000795580000)
  object space 283136K, 69% used [0x0000000740000000,0x000000074c06b288,0x0000000751480000)
 Metaspace       used 20690K, capacity 21188K, committed 21296K, reserved 1067008K
  class space    used 2651K, capacity 2817K, committed 2864K, reserved 1048576K
Event: 2.597 GC heap after
Heap after GC invocations=3 (full 1):
 PSYoungGen      total 38400K, used 0K [0x0000000795580000, 0x000000079a080000, 0x00000007c0000000)
  eden space 33280K, 0% used [0x0000000795580000,0x0000000795580000,0x0000000797600000)
  from space 5120K, 0% used [0x0000000797b00000,0x0000000797b00000,0x0000000798000000)
  to   space 5120K, 0% used [0x0000000797600000,0x0000000797600000,0x0000000797b00000)
 ParOldGen       total 71680K, used 5466K [0x0000000740000000, 0x0000000744600000, 0x0000000795580000)
  object space 71680K, 7% used [0x0000000740000000,0x0000000740556a70,0x0000000744600000)
 Metaspace       used 20690K, capacity 21188K, committed 21296K, reserved 1067008K
  class space    used 2651K, capacity 2817K, committed 2864K, reserved 1048576K
}
Event: 3.826 GC heap before
{Heap before GC invocations=4 (full 1):
 PSYoungGen      total 38400K, used 33280K [0x0000000795580000, 0x000000079a080000, 0x00000007c0000000)
  eden space 33280K, 100% used [0x0000000795580000,0x0000000797600000,0x0000000797600000)
  from space 5120K, 0% used [0x0000000797b00000,0x0000000797b00000,0x0000000798000000)
  to   space 5120K, 0% used [0x0000000797600000,0x0000000797600000,0x0000000797b00000)
 ParOldGen       total 71680K, used 5466K [0x0000000740000000, 0x0000000744600000, 0x0000000795580000)
  object space 71680K, 7% used [0x0000000740000000,0x0000000740556a70,0x0000000744600000)
 Metaspace       used 27404K, capacity 28492K, committed 28592K, reserved 1073152K
  class space    used 4036K, capacity 4251K, committed 4272K, reserved 1048576K
Event: 3.831 GC heap after
Heap after GC invocations=4 (full 1):
 PSYoungGen      total 38400K, used 3392K [0x0000000795580000, 0x0000000799800000, 0x00000007c0000000)
  eden space 33280K, 0% used [0x0000000795580000,0x0000000795580000,0x0000000797600000)
  from space 5120K, 66% used [0x0000000797600000,0x0000000797950000,0x0000000797b00000)
  to   space 5120K, 0% used [0x0000000799300000,0x0000000799300000,0x0000000799800000)
 ParOldGen       total 71680K, used 5474K [0x0000000740000000, 0x0000000744600000, 0x0000000795580000)
  object space 71680K, 7% used [0x0000000740000000,0x0000000740558a70,0x0000000744600000)
 Metaspace       used 27404K, capacity 28492K, committed 28592K, reserved 1073152K
  class space    used 4036K, capacity 4251K, committed 4272K, reserved 1048576K
}

