# JRE version: Java(TM) SE Runtime Environment (8.0_131-b11) (build 1.8.0_131-b11)
# Java VM: Java HotSpot(TM) 64-Bit Server VM (25.131-b11 mixed mode bsd-amd64 compressed oops)
Heap:
 PSYoungGen      total 677888K, used 143450K [0x0000000795580000, 0x00000007bff00000, 0x00000007c0000000)
  eden space 658432K, 21% used [0x0000000795580000,0x000000079df5e310,0x00000007bd880000)
  from space 19456K, 11% used [0x00000007bd880000,0x00000007bdab86a0,0x00000007beb80000)
  to   space 18432K, 0% used [0x00000007bed00000,0x00000007bed00000,0x00000007bff00000)
 ParOldGen       total 142336K, used 62667K [0x0000000740000000, 0x0000000748b00000, 0x0000000795580000)
  object space 142336K, 44% used [0x0000000740000000,0x0000000743d32c78,0x0000000748b00000)
 Metaspace       used 42291K, capacity 44000K, committed 44248K, reserved 1087488K
  class space    used 4935K, capacity 5264K, committed 5376K, reserved 1048576K
GC Heap History (10 events):
Event: 870.488 GC heap before
{Heap before GC invocations=20 (full 3):
 PSYoungGen      total 521216K, used 507305K [0x0000000795580000, 0x00000007b6a00000, 0x00000007c0000000)
  eden space 499200K, 100% used [0x0000000795580000,0x00000007b3d00000,0x00000007b3d00000)
  from space 22016K, 36% used [0x00000007b5180000,0x00000007b596a4e8,0x00000007b6700000)
  to   space 20992K, 0% used [0x00000007b3d00000,0x00000007b3d00000,0x00000007b5180000)
 ParOldGen       total 142336K, used 47087K [0x0000000740000000, 0x0000000748b00000, 0x0000000795580000)
  object space 142336K, 33% used [0x0000000740000000,0x0000000742dfbd08,0x0000000748b00000)
 Metaspace       used 41744K, capacity 43452K, committed 43736K, reserved 1087488K
  class space    used 4917K, capacity 5256K, committed 5376K, reserved 1048576K
Event: 870.515 GC heap after
Heap after GC invocations=20 (full 3):
 PSYoungGen      total 520192K, used 9986K [0x0000000795580000, 0x00000007bd080000, 0x00000007c0000000)
  eden space 499200K, 0% used [0x0000000795580000,0x0000000795580000,0x00000007b3d00000)
  from space 20992K, 47% used [0x00000007b3d00000,0x00000007b46c0870,0x00000007b5180000)
  to   space 20992K, 0% used [0x00000007bbc00000,0x00000007bbc00000,0x00000007bd080000)
 ParOldGen       total 142336K, used 52539K [0x0000000740000000, 0x0000000748b00000, 0x0000000795580000)
  object space 142336K, 36% used [0x0000000740000000,0x000000074334ed18,0x0000000748b00000)
 Metaspace       used 41744K, capacity 43452K, committed 43736K, reserved 1087488K
  class space    used 4917K, capacity 5256K, committed 5376K, reserved 1048576K
}
Event: 879.428 GC heap before
{Heap before GC invocations=21 (full 3):
 PSYoungGen      total 520192K, used 509186K [0x0000000795580000, 0x00000007bd080000, 0x00000007c0000000)
  eden space 499200K, 100% used [0x0000000795580000,0x00000007b3d00000,0x00000007b3d00000)
  from space 20992K, 47% used [0x00000007b3d00000,0x00000007b46c0870,0x00000007b5180000)
  to   space 20992K, 0% used [0x00000007bbc00000,0x00000007bbc00000,0x00000007bd080000)
 ParOldGen       total 142336K, used 52539K [0x0000000740000000, 0x0000000748b00000, 0x0000000795580000)
  object space 142336K, 36% used [0x0000000740000000,0x000000074334ed18,0x0000000748b00000)
 Metaspace       used 41994K, capacity 43644K, committed 43992K, reserved 1087488K
  class space    used 4923K, capacity 5256K, committed 5376K, reserved 1048576K
Event: 879.443 GC heap after
Heap after GC invocations=21 (full 3):
 PSYoungGen      total 604672K, used 640K [0x0000000795580000, 0x00000007bc400000, 0x00000007c0000000)
  eden space 596480K, 0% used [0x0000000795580000,0x0000000795580000,0x00000007b9c00000)
  from space 8192K, 7% used [0x00000007bbc00000,0x00000007bbca0000,0x00000007bc400000)
  to   space 20480K, 0% used [0x00000007b9c00000,0x00000007b9c00000,0x00000007bb000000)
 ParOldGen       total 142336K, used 62198K [0x0000000740000000, 0x0000000748b00000, 0x0000000795580000)
  object space 142336K, 43% used [0x0000000740000000,0x0000000743cbdbe8,0x0000000748b00000)
 Metaspace       used 41994K, capacity 43644K, committed 43992K, reserved 1087488K
  class space    used 4923K, capacity 5256K, committed 5376K, reserved 1048576K
}
Event: 929.998 GC heap before
{Heap before GC invocations=22 (full 3):
 PSYoungGen      total 604672K, used 597120K [0x0000000795580000, 0x00000007bc400000, 0x00000007c0000000)
  eden space 596480K, 100% used [0x0000000795580000,0x00000007b9c00000,0x00000007b9c00000)
  from space 8192K, 7% used [0x00000007bbc00000,0x00000007bbca0000,0x00000007bc400000)
  to   space 20480K, 0% used [0x00000007b9c00000,0x00000007b9c00000,0x00000007bb000000)
 ParOldGen       total 142336K, used 62198K [0x0000000740000000, 0x0000000748b00000, 0x0000000795580000)
  object space 142336K, 43% used [0x0000000740000000,0x0000000743cbdbe8,0x0000000748b00000)
 Metaspace       used 42101K, capacity 43772K, committed 43992K, reserved 1087488K
  class space    used 4924K, capacity 5256K, committed 5376K, reserved 1048576K
Event: 930.004 GC heap after
Heap after GC invocations=22 (full 3):
 PSYoungGen      total 616960K, used 512K [0x0000000795580000, 0x00000007c0000000, 0x00000007c0000000)
  eden space 596480K, 0% used [0x0000000795580000,0x0000000795580000,0x00000007b9c00000)
  from space 20480K, 2% used [0x00000007b9c00000,0x00000007b9c80000,0x00000007bb000000)
  to   space 19968K, 0% used [0x00000007bec80000,0x00000007bec80000,0x00000007c0000000)
 ParOldGen       total 142336K, used 62651K [0x0000000740000000, 0x0000000748b00000, 0x0000000795580000)
  object space 142336K, 44% used [0x0000000740000000,0x0000000743d2ec78,0x0000000748b00000)
 Metaspace       used 42101K, capacity 43772K, committed 43992K, reserved 1087488K
  class space    used 4924K, capacity 5256K, committed 5376K, reserved 1048576K
}
Event: 1859.468 GC heap before
{Heap before GC invocations=23 (full 3):
 PSYoungGen      total 616960K, used 596992K [0x0000000795580000, 0x00000007c0000000, 0x00000007c0000000)
  eden space 596480K, 100% used [0x0000000795580000,0x00000007b9c00000,0x00000007b9c00000)
  from space 20480K, 2% used [0x00000007b9c00000,0x00000007b9c80000,0x00000007bb000000)
  to   space 19968K, 0% used [0x00000007bec80000,0x00000007bec80000,0x00000007c0000000)
 ParOldGen       total 142336K, used 62651K [0x0000000740000000, 0x0000000748b00000, 0x0000000795580000)
  object space 142336K, 44% used [0x0000000740000000,0x0000000743d2ec78,0x0000000748b00000)
 Metaspace       used 42184K, capacity 43836K, committed 44248K, reserved 1087488K
  class space    used 4925K, capacity 5256K, committed 5376K, reserved 1048576K
Event: 1859.479 GC heap after
Heap after GC invocations=23 (full 3):
 PSYoungGen      total 676864K, used 768K [0x0000000795580000, 0x00000007bfe80000, 0x00000007c0000000)
  eden space 658432K, 0% used [0x0000000795580000,0x0000000795580000,0x00000007bd880000)
  from space 18432K, 4% used [0x00000007bec80000,0x00000007bed40000,0x00000007bfe80000)
  to   space 19456K, 0% used [0x00000007bd880000,0x00000007bd880000,0x00000007beb80000)
 ParOldGen       total 142336K, used 62659K [0x0000000740000000, 0x0000000748b00000, 0x0000000795580000)
  object space 142336K, 44% used [0x0000000740000000,0x0000000743d30c78,0x0000000748b00000)
 Metaspace       used 42184K, capacity 43836K, committed 44248K, reserved 1087488K
  class space    used 4925K, capacity 5256K, committed 5376K, reserved 1048576K
}
Event: 2529.345 GC heap before
{Heap before GC invocations=24 (full 3):
 PSYoungGen      total 676864K, used 659200K [0x0000000795580000, 0x00000007bfe80000, 0x00000007c0000000)
  eden space 658432K, 100% used [0x0000000795580000,0x00000007bd880000,0x00000007bd880000)
  from space 18432K, 4% used [0x00000007bec80000,0x00000007bed40000,0x00000007bfe80000)
  to   space 19456K, 0% used [0x00000007bd880000,0x00000007bd880000,0x00000007beb80000)
 ParOldGen       total 142336K, used 62659K [0x0000000740000000, 0x0000000748b00000, 0x0000000795580000)
  object space 142336K, 44% used [0x0000000740000000,0x0000000743d30c78,0x0000000748b00000)
 Metaspace       used 42285K, capacity 44000K, committed 44248K, reserved 1087488K
  class space    used 4934K, capacity 5264K, committed 5376K, reserved 1048576K
Event: 2529.367 GC heap after
Heap after GC invocations=24 (full 3):
 PSYoungGen      total 677888K, used 2273K [0x0000000795580000, 0x00000007bff00000, 0x00000007c0000000)
  eden space 658432K, 0% used [0x0000000795580000,0x0000000795580000,0x00000007bd880000)
  from space 19456K, 11% used [0x00000007bd880000,0x00000007bdab86a0,0x00000007beb80000)
  to   space 18432K, 0% used [0x00000007bed00000,0x00000007bed00000,0x00000007bff00000)
 ParOldGen       total 142336K, used 62667K [0x0000000740000000, 0x0000000748b00000, 0x0000000795580000)
  object space 142336K, 44% used [0x0000000740000000,0x0000000743d32c78,0x0000000748b00000)
 Metaspace       used 42285K, capacity 44000K, committed 44248K, reserved 1087488K
  class space    used 4934K, capacity 5264K, committed 5376K, reserved 1048576K
}

